50 97
0 2
0 47
0 49
1 3
2 4
2 51
3 5
3 52
4 6
4 53
5 7
5 54
6 8
6 55
7 9
7 56
8 10
8 57
9 11
9 58
10 12
10 59
11 13
11 60
12 14
12 61
13 15
13 62
14 16
14 63
15 17
15 64
16 18
16 65
17 19
17 66
18 20
18 67
19 21
19 68
20 22
20 69
21 23
21 70
22 24
22 71
23 25
23 72
24 26
24 73
25 27
25 74
26 28
26 75
27 29
27 76
28 30
28 77
29 31
29 78
30 32
30 79
31 33
31 80
32 34
32 81
33 35
33 82
34 36
34 83
35 37
35 84
36 38
36 85
37 39
37 86
38 40
38 87
39 41
39 88
40 42
40 89
41 43
41 90
42 44
42 91
43 45
43 92
44 46
44 93
45 47
45 94
46 48
46 95
47 96
49 50
49 97
56 95
0 1
1 2
1 5
3 7
4 5
5 6
5 9
6 7
7 11
8 9
9 10
9 13
12 13
13 14
13 17
15 19
16 17
17 18
17 21
18 19
19 23
20 21
21 22
21 25
24 25
25 26
25 29
27 31
28 29
29 30
29 33
30 31
31 35
32 33
33 34
33 37
36 37
37 38
37 41
39 43
40 41
41 42
41 45
42 43
43 47
44 45
45 46
45 49
48 49
49 50
49 53
51 55
52 53
53 54
53 57
54 55
55 59
56 57
57 58
57 61
60 61
61 62
61 65
63 67
64 65
65 66
65 69
66 67
67 71
68 69
69 70
69 73
72 73
73 74
73 77
75 79
76 77
77 78
77 81
78 79
79 83
80 81
81 82
81 85
84 85
85 86
85 89
87 91
88 89
89 90
89 93
90 91
91 95
92 93
93 94
62 95
0 1
1 2
1 7
3 4
4 5
4 10
6 7
7 8
7 13
9 10
10 11
10 16
12 13
13 14
13 19
15 16
16 17
16 22
18 19
19 20
19 25
21 22
22 23
22 28
24 25
25 26
25 31
27 28
28 29
28 34
30 31
31 32
31 37
33 34
34 35
34 40
36 37
37 38
37 43
39 40
40 41
40 46
42 43
43 44
43 49
45 46
46 47
46 52
48 49
49 50
49 55
51 52
52 53
52 58
54 55
55 56
55 61
57 58
58 59
58 64
60 61
61 62
61 67
63 64
64 65
64 70
66 67
67 68
67 73
69 70
70 71
70 76
72 73
73 74
73 79
75 76
76 77
76 82
78 79
79 80
79 85
81 82
82 83
82 88
84 85
85 86
85 91
86 87
86 92
87 88
87 93
88 89
88 94
90 91
94 95
77 95
0 1
0 15
0 32
0 33
0 34
0 35
1 2
1 36
1 37
1 38
1 39
2 3
2 40
2 41
2 42
2 43
3 4
3 44
3 45
3 46
3 47
4 5
4 48
4 49
4 50
4 51
5 6
5 52
5 53
5 54
5 55
6 7
6 56
6 57
6 58
6 59
7 8
7 60
7 61
7 62
7 63
8 9
8 64
8 65
8 66
8 67
9 10
9 68
9 69
9 70
9 71
10 11
10 72
10 73
10 74
10 75
11 12
11 76
11 77
11 78
11 79
12 13
12 80
12 81
12 82
12 83
13 14
13 84
13 85
13 86
13 87
16 25
17 25
18 25
19 25
20 25
21 25
22 25
23 24
23 25
23 26
23 27
23 28
23 29
23 30
23 31
25 71
30 88
30 89
30 90
30 91
31 92
31 93
31 94
31 95
87 99
0 1
0 9
0 20
0 21
0 22
0 23
0 24
0 25
0 26
0 27
1 2
1 28
1 29
1 30
1 31
1 32
1 33
1 34
1 35
2 3
2 36
2 37
2 38
2 39
2 40
2 41
2 42
2 43
3 4
3 44
3 45
3 46
3 47
3 48
3 49
3 50
3 51
4 5
4 57
4 58
4 59
6 7
7 8
7 76
7 77
7 78
7 79
7 80
7 81
7 82
7 83
8 9
8 84
8 85
8 86
8 87
8 88
8 89
8 90
8 91
9 92
9 93
9 94
9 95
9 96
9 97
9 98
9 99
10 11
10 12
10 13
10 14
10 15
10 16
10 17
10 18
10 19
10 24
14 52
14 53
14 54
14 55
14 56
15 60
15 61
15 62
15 63
15 64
15 65
15 66
15 67
16 68
16 69
16 70
16 71
16 72
16 73
16 74
16 75
